<?xml version="1.0" encoding="UTF-8"?>
<testsuite xmlns:xsi="http://www.w3.org/2001/XMLSchema-instance" xsi:noNamespaceSchemaLocation="https://maven.apache.org/surefire/maven-surefire-plugin/xsd/surefire-test-report.xsd" name="io.quarkus.myfaces.showcase.ShowcaseFt" time="0.759" tests="1" errors="1" skipped="0" failures="0">
  <properties>
    <property name="sun.desktop" value="gnome"/>
    <property name="awt.toolkit" value="sun.awt.X11.XToolkit"/>
    <property name="file.encoding.pkg" value="sun.io"/>
    <property name="java.specification.version" value="1.8"/>
    <property name="sun.cpu.isalist" value=""/>
    <property name="sun.jnu.encoding" value="UTF-8"/>
    <property name="java.class.path" value="/home/PROCERGS.REDERS/rafael-pestano/projetos/quarkus-myfaces/quarkus-myfaces/showcase/target/test-classes:/home/PROCERGS.REDERS/rafael-pestano/projetos/quarkus-myfaces/quarkus-myfaces/showcase/target/classes:/home/PROCERGS.REDERS/rafael-pestano/.m2/repository/io/quarkus/quarkus-myfaces/0.16.1/quarkus-myfaces-0.16.1.jar:/home/PROCERGS.REDERS/rafael-pestano/.m2/repository/org/apache/myfaces/core/myfaces-api/3.0.0-M1/myfaces-api-3.0.0-M1.jar:/home/PROCERGS.REDERS/rafael-pestano/.m2/repository/org/apache/myfaces/core/myfaces-impl/3.0.0-M1/myfaces-impl-3.0.0-M1.jar:/home/PROCERGS.REDERS/rafael-pestano/.m2/repository/commons-beanutils/commons-beanutils/1.9.3/commons-beanutils-1.9.3.jar:/home/PROCERGS.REDERS/rafael-pestano/.m2/repository/commons-logging/commons-logging/1.2/commons-logging-1.2.jar:/home/PROCERGS.REDERS/rafael-pestano/.m2/repository/commons-collections/commons-collections/3.2.2/commons-collections-3.2.2.jar:/home/PROCERGS.REDERS/rafael-pestano/.m2/repository/org/apache/tomcat/tomcat-jasper-el/9.0.17/tomcat-jasper-el-9.0.17.jar:/home/PROCERGS.REDERS/rafael-pestano/.m2/repository/org/apache/tomcat/tomcat-el-api/9.0.17/tomcat-el-api-9.0.17.jar:/home/PROCERGS.REDERS/rafael-pestano/.m2/repository/org/jboss/spec/javax/websocket/jboss-websocket-api_1.1_spec/1.1.4.Final/jboss-websocket-api_1.1_spec-1.1.4.Final.jar:/home/PROCERGS.REDERS/rafael-pestano/.m2/repository/io/quarkus/quarkus-core/0.16.1/quarkus-core-0.16.1.jar:/home/PROCERGS.REDERS/rafael-pestano/.m2/repository/javax/inject/javax.inject/1/javax.inject-1.jar:/home/PROCERGS.REDERS/rafael-pestano/.m2/repository/javax/annotation/javax.annotation-api/1.3.2/javax.annotation-api-1.3.2.jar:/home/PROCERGS.REDERS/rafael-pestano/.m2/repository/io/smallrye/smallrye-config/1.3.5/smallrye-config-1.3.5.jar:/home/PROCERGS.REDERS/rafael-pestano/.m2/repository/org/eclipse/microprofile/config/microprofile-config-api/1.3/microprofile-config-api-1.3.jar:/home/PROCERGS.REDERS/rafael-pestano/.m2/repository/org/osgi/org.osgi.annotation.versioning/1.0.0/org.osgi.annotation.versioning-1.0.0.jar:/home/PROCERGS.REDERS/rafael-pestano/.m2/repository/javax/enterprise/cdi-api/2.0.SP1/cdi-api-2.0.SP1.jar:/home/PROCERGS.REDERS/rafael-pestano/.m2/repository/javax/el/javax.el-api/3.0.0/javax.el-api-3.0.0.jar:/home/PROCERGS.REDERS/rafael-pestano/.m2/repository/javax/interceptor/javax.interceptor-api/1.2/javax.interceptor-api-1.2.jar:/home/PROCERGS.REDERS/rafael-pestano/.m2/repository/org/jboss/logging/jboss-logging/3.3.2.Final/jboss-logging-3.3.2.Final.jar:/home/PROCERGS.REDERS/rafael-pestano/.m2/repository/org/jboss/logmanager/jboss-logmanager-embedded/1.0.3/jboss-logmanager-embedded-1.0.3.jar:/home/PROCERGS.REDERS/rafael-pestano/.m2/repository/org/jboss/logging/jboss-logging-annotations/2.1.0.Final/jboss-logging-annotations-2.1.0.Final.jar:/home/PROCERGS.REDERS/rafael-pestano/.m2/repository/org/jboss/threads/jboss-threads/3.0.0.Beta4/jboss-threads-3.0.0.Beta4.jar:/home/PROCERGS.REDERS/rafael-pestano/.m2/repository/org/slf4j/slf4j-api/1.7.25/slf4j-api-1.7.25.jar:/home/PROCERGS.REDERS/rafael-pestano/.m2/repository/org/jboss/slf4j/slf4j-jboss-logging/1.1.0.Final/slf4j-jboss-logging-1.1.0.Final.jar:/home/PROCERGS.REDERS/rafael-pestano/.m2/repository/org/graalvm/sdk/graal-sdk/1.0.0-rc16/graal-sdk-1.0.0-rc16.jar:/home/PROCERGS.REDERS/rafael-pestano/.m2/repository/org/wildfly/common/wildfly-common/1.5.0.Final-format-001/wildfly-common-1.5.0.Final-format-001.jar:/home/PROCERGS.REDERS/rafael-pestano/.m2/repository/org/wildfly/security/wildfly-elytron-ssl/2.0.0.Alpha4/wildfly-elytron-ssl-2.0.0.Alpha4.jar:/home/PROCERGS.REDERS/rafael-pestano/.m2/repository/org/wildfly/security/wildfly-elytron-auth-server/2.0.0.Alpha4/wildfly-elytron-auth-server-2.0.0.Alpha4.jar:/home/PROCERGS.REDERS/rafael-pestano/.m2/repository/org/wildfly/security/wildfly-elytron-permission/2.0.0.Alpha4/wildfly-elytron-permission-2.0.0.Alpha4.jar:/home/PROCERGS.REDERS/rafael-pestano/.m2/repository/org/wildfly/security/wildfly-elytron-base/2.0.0.Alpha4/wildfly-elytron-base-2.0.0.Alpha4.jar:/home/PROCERGS.REDERS/rafael-pestano/.m2/repository/org/wildfly/security/wildfly-elytron-credential/2.0.0.Alpha4/wildfly-elytron-credential-2.0.0.Alpha4.jar:/home/PROCERGS.REDERS/rafael-pestano/.m2/repository/org/wildfly/security/wildfly-elytron-keystore/2.0.0.Alpha4/wildfly-elytron-keystore-2.0.0.Alpha4.jar:/home/PROCERGS.REDERS/rafael-pestano/.m2/repository/org/wildfly/security/wildfly-elytron-provider-util/2.0.0.Alpha4/wildfly-elytron-provider-util-2.0.0.Alpha4.jar:/home/PROCERGS.REDERS/rafael-pestano/.m2/repository/org/wildfly/security/wildfly-elytron-auth/2.0.0.Alpha4/wildfly-elytron-auth-2.0.0.Alpha4.jar:/home/PROCERGS.REDERS/rafael-pestano/.m2/repository/org/wildfly/security/wildfly-elytron-util/2.0.0.Alpha4/wildfly-elytron-util-2.0.0.Alpha4.jar:/home/PROCERGS.REDERS/rafael-pestano/.m2/repository/org/wildfly/security/wildfly-elytron-x500/2.0.0.Alpha4/wildfly-elytron-x500-2.0.0.Alpha4.jar:/home/PROCERGS.REDERS/rafael-pestano/.m2/repository/org/wildfly/security/wildfly-elytron-x500-cert/2.0.0.Alpha4/wildfly-elytron-x500-cert-2.0.0.Alpha4.jar:/home/PROCERGS.REDERS/rafael-pestano/.m2/repository/org/wildfly/security/wildfly-elytron-asn1/2.0.0.Alpha4/wildfly-elytron-asn1-2.0.0.Alpha4.jar:/home/PROCERGS.REDERS/rafael-pestano/.m2/repository/org/wildfly/security/wildfly-elytron-x500-cert-util/2.0.0.Alpha4/wildfly-elytron-x500-cert-util-2.0.0.Alpha4.jar:/home/PROCERGS.REDERS/rafael-pestano/.m2/repository/io/quarkus/quarkus-undertow/0.16.1/quarkus-undertow-0.16.1.jar:/home/PROCERGS.REDERS/rafael-pestano/.m2/repository/io/quarkus/quarkus-arc/0.16.1/quarkus-arc-0.16.1.jar:/home/PROCERGS.REDERS/rafael-pestano/.m2/repository/io/quarkus/arc/arc/0.16.1/arc-0.16.1.jar:/home/PROCERGS.REDERS/rafael-pestano/.m2/repository/org/eclipse/microprofile/context-propagation/microprofile-context-propagation-api/1.0-RC1/microprofile-context-propagation-api-1.0-RC1.jar:/home/PROCERGS.REDERS/rafael-pestano/.m2/repository/io/undertow/undertow-servlet/2.0.19.Final/undertow-servlet-2.0.19.Final.jar:/home/PROCERGS.REDERS/rafael-pestano/.m2/repository/io/undertow/undertow-core/2.0.19.Final/undertow-core-2.0.19.Final.jar:/home/PROCERGS.REDERS/rafael-pestano/.m2/repository/org/jboss/spec/javax/servlet/jboss-servlet-api_4.0_spec/1.0.0.Final/jboss-servlet-api_4.0_spec-1.0.0.Final.jar:/home/PROCERGS.REDERS/rafael-pestano/.m2/repository/org/jboss/xnio/xnio-nio/3.7.1.Final/xnio-nio-3.7.1.Final.jar:/home/PROCERGS.REDERS/rafael-pestano/.m2/repository/org/jboss/xnio/xnio-api/3.7.1.Final/xnio-api-3.7.1.Final.jar:/home/PROCERGS.REDERS/rafael-pestano/.m2/repository/io/quarkus/quarkus-jsonp/0.16.1/quarkus-jsonp-0.16.1.jar:/home/PROCERGS.REDERS/rafael-pestano/.m2/repository/org/glassfish/javax.json/1.1.4/javax.json-1.1.4.jar:/home/PROCERGS.REDERS/rafael-pestano/.m2/repository/org/primefaces/primefaces/7.0/primefaces-7.0.jar:/home/PROCERGS.REDERS/rafael-pestano/.m2/repository/javax/validation/validation-api/2.0.1.Final/validation-api-2.0.1.Final.jar:/home/PROCERGS.REDERS/rafael-pestano/.m2/repository/io/quarkus/quarkus-arquillian/0.16.1/quarkus-arquillian-0.16.1.jar:/home/PROCERGS.REDERS/rafael-pestano/.m2/repository/io/quarkus/quarkus-bootstrap-core/0.16.1/quarkus-bootstrap-core-0.16.1.jar:/home/PROCERGS.REDERS/rafael-pestano/.m2/repository/org/apache/maven/maven-embedder/3.5.4/maven-embedder-3.5.4.jar:/home/PROCERGS.REDERS/rafael-pestano/.m2/repository/org/apache/maven/maven-settings/3.5.4/maven-settings-3.5.4.jar:/home/PROCERGS.REDERS/rafael-pestano/.m2/repository/org/apache/maven/maven-core/3.5.4/maven-core-3.5.4.jar:/home/PROCERGS.REDERS/rafael-pestano/.m2/repository/org/apache/maven/maven-artifact/3.5.4/maven-artifact-3.5.4.jar:/home/PROCERGS.REDERS/rafael-pestano/.m2/repository/org/eclipse/sisu/org.eclipse.sisu.inject/0.3.3/org.eclipse.sisu.inject-0.3.3.jar:/home/PROCERGS.REDERS/rafael-pestano/.m2/repository/org/apache/maven/maven-plugin-api/3.5.4/maven-plugin-api-3.5.4.jar:/home/PROCERGS.REDERS/rafael-pestano/.m2/repository/org/apache/maven/maven-model/3.5.4/maven-model-3.5.4.jar:/home/PROCERGS.REDERS/rafael-pestano/.m2/repository/org/apache/maven/maven-model-builder/3.5.4/maven-model-builder-3.5.4.jar:/home/PROCERGS.REDERS/rafael-pestano/.m2/repository/org/apache/maven/maven-builder-support/3.5.4/maven-builder-support-3.5.4.jar:/home/PROCERGS.REDERS/rafael-pestano/.m2/repository/org/apache/maven/resolver/maven-resolver-api/1.1.1/maven-resolver-api-1.1.1.jar:/home/PROCERGS.REDERS/rafael-pestano/.m2/repository/org/apache/maven/resolver/maven-resolver-util/1.1.1/maven-resolver-util-1.1.1.jar:/home/PROCERGS.REDERS/rafael-pestano/.m2/repository/org/apache/maven/shared/maven-shared-utils/3.2.1/maven-shared-utils-3.2.1.jar:/home/PROCERGS.REDERS/rafael-pestano/.m2/repository/com/google/inject/guice/4.2.0/guice-4.2.0-no_aop.jar:/home/PROCERGS.REDERS/rafael-pestano/.m2/repository/aopalliance/aopalliance/1.0/aopalliance-1.0.jar:/home/PROCERGS.REDERS/rafael-pestano/.m2/repository/javax/annotation/jsr250-api/1.0/jsr250-api-1.0.jar:/home/PROCERGS.REDERS/rafael-pestano/.m2/repository/org/codehaus/plexus/plexus-utils/3.0.24/plexus-utils-3.0.24.jar:/home/PROCERGS.REDERS/rafael-pestano/.m2/repository/org/codehaus/plexus/plexus-classworlds/2.5.2/plexus-classworlds-2.5.2.jar:/home/PROCERGS.REDERS/rafael-pestano/.m2/repository/org/eclipse/sisu/org.eclipse.sisu.plexus/0.3.3/org.eclipse.sisu.plexus-0.3.3.jar:/home/PROCERGS.REDERS/rafael-pestano/.m2/repository/org/codehaus/plexus/plexus-component-annotations/1.7.1/plexus-component-annotations-1.7.1.jar:/home/PROCERGS.REDERS/rafael-pestano/.m2/repository/commons-cli/commons-cli/1.4/commons-cli-1.4.jar:/home/PROCERGS.REDERS/rafael-pestano/.m2/repository/org/apache/commons/commons-lang3/3.8.1/commons-lang3-3.8.1.jar:/home/PROCERGS.REDERS/rafael-pestano/.m2/repository/org/apache/maven/maven-settings-builder/3.5.4/maven-settings-builder-3.5.4.jar:/home/PROCERGS.REDERS/rafael-pestano/.m2/repository/org/codehaus/plexus/plexus-interpolation/1.24/plexus-interpolation-1.24.jar:/home/PROCERGS.REDERS/rafael-pestano/.m2/repository/org/sonatype/plexus/plexus-sec-dispatcher/1.4/plexus-sec-dispatcher-1.4.jar:/home/PROCERGS.REDERS/rafael-pestano/.m2/repository/org/sonatype/plexus/plexus-cipher/1.4/plexus-cipher-1.4.jar:/home/PROCERGS.REDERS/rafael-pestano/.m2/repository/org/apache/maven/maven-resolver-provider/3.5.4/maven-resolver-provider-3.5.4.jar:/home/PROCERGS.REDERS/rafael-pestano/.m2/repository/org/apache/maven/maven-repository-metadata/3.5.4/maven-repository-metadata-3.5.4.jar:/home/PROCERGS.REDERS/rafael-pestano/.m2/repository/org/apache/maven/resolver/maven-resolver-spi/1.1.1/maven-resolver-spi-1.1.1.jar:/home/PROCERGS.REDERS/rafael-pestano/.m2/repository/org/apache/maven/resolver/maven-resolver-impl/1.1.1/maven-resolver-impl-1.1.1.jar:/home/PROCERGS.REDERS/rafael-pestano/.m2/repository/org/apache/maven/resolver/maven-resolver-connector-basic/1.1.1/maven-resolver-connector-basic-1.1.1.jar:/home/PROCERGS.REDERS/rafael-pestano/.m2/repository/org/apache/maven/resolver/maven-resolver-transport-file/1.1.1/maven-resolver-transport-file-1.1.1.jar:/home/PROCERGS.REDERS/rafael-pestano/.m2/repository/org/apache/maven/resolver/maven-resolver-transport-http/1.1.1/maven-resolver-transport-http-1.1.1.jar:/home/PROCERGS.REDERS/rafael-pestano/.m2/repository/org/slf4j/jcl-over-slf4j/1.7.25/jcl-over-slf4j-1.7.25.jar:/home/PROCERGS.REDERS/rafael-pestano/.m2/repository/io/quarkus/quarkus-test-common/0.16.1/quarkus-test-common-0.16.1.jar:/home/PROCERGS.REDERS/rafael-pestano/.m2/repository/io/quarkus/quarkus-core-deployment/0.16.1/quarkus-core-deployment-0.16.1.jar:/home/PROCERGS.REDERS/rafael-pestano/.m2/repository/org/jboss/invocation/jboss-invocation/1.5.2.Final/jboss-invocation-1.5.2.Final.jar:/home/PROCERGS.REDERS/rafael-pestano/.m2/repository/org/jboss/classfilewriter/jboss-classfilewriter/1.2.4.Final/jboss-classfilewriter-1.2.4.Final.jar:/home/PROCERGS.REDERS/rafael-pestano/.m2/repository/io/quarkus/gizmo/gizmo/1.0.0.Alpha4/gizmo-1.0.0.Alpha4.jar:/home/PROCERGS.REDERS/rafael-pestano/.m2/repository/org/ow2/asm/asm-util/7.1/asm-util-7.1.jar:/home/PROCERGS.REDERS/rafael-pestano/.m2/repository/org/ow2/asm/asm-tree/7.1/asm-tree-7.1.jar:/home/PROCERGS.REDERS/rafael-pestano/.m2/repository/org/ow2/asm/asm-analysis/7.1/asm-analysis-7.1.jar:/home/PROCERGS.REDERS/rafael-pestano/.m2/repository/org/ow2/asm/asm/7.1/asm-7.1.jar:/home/PROCERGS.REDERS/rafael-pestano/.m2/repository/io/quarkus/quarkus-builder/0.16.1/quarkus-builder-0.16.1.jar:/home/PROCERGS.REDERS/rafael-pestano/.m2/repository/io/quarkus/quarkus-jsonp-deployment/0.16.1/quarkus-jsonp-deployment-0.16.1.jar:/home/PROCERGS.REDERS/rafael-pestano/.m2/repository/org/jboss/jandex/2.1.1.Final/jandex-2.1.1.Final.jar:/home/PROCERGS.REDERS/rafael-pestano/.m2/repository/io/quarkus/quarkus-arc-deployment/0.16.1/quarkus-arc-deployment-0.16.1.jar:/home/PROCERGS.REDERS/rafael-pestano/.m2/repository/io/quarkus/arc/arc-processor/0.16.1/arc-processor-0.16.1.jar:/home/PROCERGS.REDERS/rafael-pestano/.m2/repository/org/jboss/arquillian/container/arquillian-container-spi/1.4.1.Final/arquillian-container-spi-1.4.1.Final.jar:/home/PROCERGS.REDERS/rafael-pestano/.m2/repository/org/jboss/arquillian/core/arquillian-core-spi/1.4.1.Final/arquillian-core-spi-1.4.1.Final.jar:/home/PROCERGS.REDERS/rafael-pestano/.m2/repository/org/jboss/arquillian/core/arquillian-core-api/1.4.1.Final/arquillian-core-api-1.4.1.Final.jar:/home/PROCERGS.REDERS/rafael-pestano/.m2/repository/org/jboss/arquillian/config/arquillian-config-api/1.4.1.Final/arquillian-config-api-1.4.1.Final.jar:/home/PROCERGS.REDERS/rafael-pestano/.m2/repository/org/jboss/arquillian/config/arquillian-config-impl-base/1.4.1.Final/arquillian-config-impl-base-1.4.1.Final.jar:/home/PROCERGS.REDERS/rafael-pestano/.m2/repository/org/jboss/arquillian/config/arquillian-config-spi/1.4.1.Final/arquillian-config-spi-1.4.1.Final.jar:/home/PROCERGS.REDERS/rafael-pestano/.m2/repository/org/jboss/shrinkwrap/descriptors/shrinkwrap-descriptors-spi/2.0.0/shrinkwrap-descriptors-spi-2.0.0.jar:/home/PROCERGS.REDERS/rafael-pestano/.m2/repository/org/jboss/shrinkwrap/shrinkwrap-api/1.2.6/shrinkwrap-api-1.2.6.jar:/home/PROCERGS.REDERS/rafael-pestano/.m2/repository/org/jboss/shrinkwrap/descriptors/shrinkwrap-descriptors-api-base/2.0.0/shrinkwrap-descriptors-api-base-2.0.0.jar:/home/PROCERGS.REDERS/rafael-pestano/.m2/repository/org/jboss/arquillian/container/arquillian-container-test-spi/1.4.1.Final/arquillian-container-test-spi-1.4.1.Final.jar:/home/PROCERGS.REDERS/rafael-pestano/.m2/repository/org/jboss/arquillian/test/arquillian-test-spi/1.4.1.Final/arquillian-test-spi-1.4.1.Final.jar:/home/PROCERGS.REDERS/rafael-pestano/.m2/repository/org/jboss/arquillian/container/arquillian-container-test-api/1.4.1.Final/arquillian-container-test-api-1.4.1.Final.jar:/home/PROCERGS.REDERS/rafael-pestano/.m2/repository/org/jboss/arquillian/container/arquillian-container-test-impl-base/1.4.1.Final/arquillian-container-test-impl-base-1.4.1.Final.jar:/home/PROCERGS.REDERS/rafael-pestano/.m2/repository/org/jboss/arquillian/test/arquillian-test-api/1.4.1.Final/arquillian-test-api-1.4.1.Final.jar:/home/PROCERGS.REDERS/rafael-pestano/.m2/repository/org/jboss/arquillian/junit/arquillian-junit-container/1.4.1.Final/arquillian-junit-container-1.4.1.Final.jar:/home/PROCERGS.REDERS/rafael-pestano/.m2/repository/org/jboss/arquillian/junit/arquillian-junit-core/1.4.1.Final/arquillian-junit-core-1.4.1.Final.jar:/home/PROCERGS.REDERS/rafael-pestano/.m2/repository/org/jboss/arquillian/core/arquillian-core-impl-base/1.4.1.Final/arquillian-core-impl-base-1.4.1.Final.jar:/home/PROCERGS.REDERS/rafael-pestano/.m2/repository/org/jboss/arquillian/test/arquillian-test-impl-base/1.4.1.Final/arquillian-test-impl-base-1.4.1.Final.jar:/home/PROCERGS.REDERS/rafael-pestano/.m2/repository/org/jboss/arquillian/container/arquillian-container-impl-base/1.4.1.Final/arquillian-container-impl-base-1.4.1.Final.jar:/home/PROCERGS.REDERS/rafael-pestano/.m2/repository/org/jboss/shrinkwrap/shrinkwrap-impl-base/1.2.6/shrinkwrap-impl-base-1.2.6.jar:/home/PROCERGS.REDERS/rafael-pestano/.m2/repository/org/jboss/shrinkwrap/shrinkwrap-spi/1.2.6/shrinkwrap-spi-1.2.6.jar:/home/PROCERGS.REDERS/rafael-pestano/.m2/repository/junit/junit/4.12/junit-4.12.jar:/home/PROCERGS.REDERS/rafael-pestano/.m2/repository/org/hamcrest/hamcrest-core/1.3/hamcrest-core-1.3.jar:/home/PROCERGS.REDERS/rafael-pestano/.m2/repository/org/jboss/arquillian/graphene/graphene-webdriver-api/2.3.2/graphene-webdriver-api-2.3.2.jar:/home/PROCERGS.REDERS/rafael-pestano/.m2/repository/org/jboss/arquillian/graphene/graphene-webdriver-spi/2.3.2/graphene-webdriver-spi-2.3.2.jar:/home/PROCERGS.REDERS/rafael-pestano/.m2/repository/org/jboss/arquillian/graphene/graphene-webdriver-impl/2.3.2/graphene-webdriver-impl-2.3.2.jar:/home/PROCERGS.REDERS/rafael-pestano/.m2/repository/org/jboss/arquillian/extension/arquillian-drone-impl/2.5.1/arquillian-drone-impl-2.5.1.jar:/home/PROCERGS.REDERS/rafael-pestano/.m2/repository/org/jboss/arquillian/extension/arquillian-drone-configuration/2.5.1/arquillian-drone-configuration-2.5.1.jar:/home/PROCERGS.REDERS/rafael-pestano/.m2/repository/cglib/cglib-nodep/3.2.5/cglib-nodep-3.2.5.jar:/home/PROCERGS.REDERS/rafael-pestano/.m2/repository/org/objenesis/objenesis/1.2/objenesis-1.2.jar:/home/PROCERGS.REDERS/rafael-pestano/.m2/repository/org/jboss/arquillian/extension/arquillian-drone-api/2.5.1/arquillian-drone-api-2.5.1.jar:/home/PROCERGS.REDERS/rafael-pestano/.m2/repository/org/jboss/arquillian/extension/arquillian-drone-spi/2.5.1/arquillian-drone-spi-2.5.1.jar:/home/PROCERGS.REDERS/rafael-pestano/.m2/repository/org/jboss/arquillian/extension/arquillian-drone-webdriver/2.5.1/arquillian-drone-webdriver-2.5.1.jar:/home/PROCERGS.REDERS/rafael-pestano/.m2/repository/org/arquillian/spacelift/arquillian-spacelift/1.0.2/arquillian-spacelift-1.0.2.jar:/home/PROCERGS.REDERS/rafael-pestano/.m2/repository/org/arquillian/spacelift/arquillian-spacelift-api/1.0.2/arquillian-spacelift-api-1.0.2.jar:/home/PROCERGS.REDERS/rafael-pestano/.m2/repository/org/apache/commons/commons-compress/1.8.1/commons-compress-1.8.1.jar:/home/PROCERGS.REDERS/rafael-pestano/.m2/repository/commons-io/commons-io/2.5/commons-io-2.5.jar:/home/PROCERGS.REDERS/rafael-pestano/.m2/repository/org/jsoup/jsoup/1.8.3/jsoup-1.8.3.jar:/home/PROCERGS.REDERS/rafael-pestano/.m2/repository/org/awaitility/awaitility/3.1.6/awaitility-3.1.6.jar:/home/PROCERGS.REDERS/rafael-pestano/.m2/repository/org/hamcrest/hamcrest-library/1.3/hamcrest-library-1.3.jar:/home/PROCERGS.REDERS/rafael-pestano/.m2/repository/org/seleniumhq/selenium/selenium-api/3.11.0/selenium-api-3.11.0.jar:/home/PROCERGS.REDERS/rafael-pestano/.m2/repository/org/seleniumhq/selenium/selenium-support/3.11.0/selenium-support-3.11.0.jar:/home/PROCERGS.REDERS/rafael-pestano/.m2/repository/org/seleniumhq/selenium/selenium-chrome-driver/3.11.0/selenium-chrome-driver-3.11.0.jar:/home/PROCERGS.REDERS/rafael-pestano/.m2/repository/org/seleniumhq/selenium/selenium-firefox-driver/3.11.0/selenium-firefox-driver-3.11.0.jar:/home/PROCERGS.REDERS/rafael-pestano/.m2/repository/org/seleniumhq/selenium/selenium-ie-driver/3.11.0/selenium-ie-driver-3.11.0.jar:/home/PROCERGS.REDERS/rafael-pestano/.m2/repository/org/seleniumhq/selenium/selenium-remote-driver/3.11.0/selenium-remote-driver-3.11.0.jar:/home/PROCERGS.REDERS/rafael-pestano/.m2/repository/org/seleniumhq/selenium/htmlunit-driver/2.28/htmlunit-driver-2.28.jar:/home/PROCERGS.REDERS/rafael-pestano/.m2/repository/net/sourceforge/htmlunit/htmlunit/2.28/htmlunit-2.28.jar:/home/PROCERGS.REDERS/rafael-pestano/.m2/repository/xalan/xalan/2.7.2/xalan-2.7.2.jar:/home/PROCERGS.REDERS/rafael-pestano/.m2/repository/xalan/serializer/2.7.2/serializer-2.7.2.jar:/home/PROCERGS.REDERS/rafael-pestano/.m2/repository/org/apache/commons/commons-text/1.1/commons-text-1.1.jar:/home/PROCERGS.REDERS/rafael-pestano/.m2/repository/org/apache/httpcomponents/httpmime/4.5.3/httpmime-4.5.3.jar:/home/PROCERGS.REDERS/rafael-pestano/.m2/repository/net/sourceforge/htmlunit/htmlunit-core-js/2.28/htmlunit-core-js-2.28.jar:/home/PROCERGS.REDERS/rafael-pestano/.m2/repository/net/sourceforge/htmlunit/neko-htmlunit/2.28/neko-htmlunit-2.28.jar:/home/PROCERGS.REDERS/rafael-pestano/.m2/repository/xerces/xercesImpl/2.11.0/xercesImpl-2.11.0.jar:/home/PROCERGS.REDERS/rafael-pestano/.m2/repository/xml-apis/xml-apis/1.4.01/xml-apis-1.4.01.jar:/home/PROCERGS.REDERS/rafael-pestano/.m2/repository/net/sourceforge/cssparser/cssparser/0.9.24/cssparser-0.9.24.jar:/home/PROCERGS.REDERS/rafael-pestano/.m2/repository/org/w3c/css/sac/1.3/sac-1.3.jar:/home/PROCERGS.REDERS/rafael-pestano/.m2/repository/commons-net/commons-net/3.6/commons-net-3.6.jar:/home/PROCERGS.REDERS/rafael-pestano/.m2/repository/org/eclipse/jetty/websocket/websocket-client/9.4.7.v20170914/websocket-client-9.4.7.v20170914.jar:/home/PROCERGS.REDERS/rafael-pestano/.m2/repository/org/eclipse/jetty/jetty-client/9.4.18.v20190429/jetty-client-9.4.18.v20190429.jar:/home/PROCERGS.REDERS/rafael-pestano/.m2/repository/org/eclipse/jetty/jetty-http/9.4.18.v20190429/jetty-http-9.4.18.v20190429.jar:/home/PROCERGS.REDERS/rafael-pestano/.m2/repository/org/eclipse/jetty/jetty-xml/9.4.7.v20170914/jetty-xml-9.4.7.v20170914.jar:/home/PROCERGS.REDERS/rafael-pestano/.m2/repository/org/eclipse/jetty/jetty-util/9.4.18.v20190429/jetty-util-9.4.18.v20190429.jar:/home/PROCERGS.REDERS/rafael-pestano/.m2/repository/org/eclipse/jetty/jetty-io/9.4.18.v20190429/jetty-io-9.4.18.v20190429.jar:/home/PROCERGS.REDERS/rafael-pestano/.m2/repository/org/eclipse/jetty/websocket/websocket-common/9.4.7.v20170914/websocket-common-9.4.7.v20170914.jar:/home/PROCERGS.REDERS/rafael-pestano/.m2/repository/org/eclipse/jetty/websocket/websocket-api/9.4.7.v20170914/websocket-api-9.4.7.v20170914.jar:/home/PROCERGS.REDERS/rafael-pestano/.m2/repository/org/seleniumhq/selenium/selenium-opera-driver/3.11.0/selenium-opera-driver-3.11.0.jar:/home/PROCERGS.REDERS/rafael-pestano/.m2/repository/org/seleniumhq/selenium/selenium-safari-driver/3.11.0/selenium-safari-driver-3.11.0.jar:/home/PROCERGS.REDERS/rafael-pestano/.m2/repository/org/seleniumhq/selenium/selenium-edge-driver/3.11.0/selenium-edge-driver-3.11.0.jar:/home/PROCERGS.REDERS/rafael-pestano/.m2/repository/com/codeborne/phantomjsdriver/1.4.1/phantomjsdriver-1.4.1.jar:/home/PROCERGS.REDERS/rafael-pestano/.m2/repository/org/seleniumhq/selenium/selenium-java/3.11.0/selenium-java-3.11.0.jar:/home/PROCERGS.REDERS/rafael-pestano/.m2/repository/net/bytebuddy/byte-buddy/1.7.9/byte-buddy-1.7.9.jar:/home/PROCERGS.REDERS/rafael-pestano/.m2/repository/org/apache/commons/commons-exec/1.3/commons-exec-1.3.jar:/home/PROCERGS.REDERS/rafael-pestano/.m2/repository/commons-codec/commons-codec/1.11/commons-codec-1.11.jar:/home/PROCERGS.REDERS/rafael-pestano/.m2/repository/com/google/code/gson/gson/2.8.2/gson-2.8.2.jar:/home/PROCERGS.REDERS/rafael-pestano/.m2/repository/com/google/guava/guava/27.0.1-jre/guava-27.0.1-jre.jar:/home/PROCERGS.REDERS/rafael-pestano/.m2/repository/com/google/guava/failureaccess/1.0.1/failureaccess-1.0.1.jar:/home/PROCERGS.REDERS/rafael-pestano/.m2/repository/com/google/guava/listenablefuture/9999.0-empty-to-avoid-conflict-with-guava/listenablefuture-9999.0-empty-to-avoid-conflict-with-guava.jar:/home/PROCERGS.REDERS/rafael-pestano/.m2/repository/com/google/code/findbugs/jsr305/3.0.2/jsr305-3.0.2.jar:/home/PROCERGS.REDERS/rafael-pestano/.m2/repository/org/checkerframework/checker-qual/2.5.2/checker-qual-2.5.2.jar:/home/PROCERGS.REDERS/rafael-pestano/.m2/repository/com/google/errorprone/error_prone_annotations/2.2.0/error_prone_annotations-2.2.0.jar:/home/PROCERGS.REDERS/rafael-pestano/.m2/repository/com/google/j2objc/j2objc-annotations/1.1/j2objc-annotations-1.1.jar:/home/PROCERGS.REDERS/rafael-pestano/.m2/repository/org/codehaus/mojo/animal-sniffer-annotations/1.17/animal-sniffer-annotations-1.17.jar:/home/PROCERGS.REDERS/rafael-pestano/.m2/repository/org/apache/httpcomponents/httpclient/4.5.7/httpclient-4.5.7.jar:/home/PROCERGS.REDERS/rafael-pestano/.m2/repository/org/apache/httpcomponents/httpcore/4.4.11/httpcore-4.4.11.jar:/home/PROCERGS.REDERS/rafael-pestano/.m2/repository/com/squareup/okhttp3/okhttp/3.9.1/okhttp-3.9.1.jar:/home/PROCERGS.REDERS/rafael-pestano/.m2/repository/com/squareup/okio/okio/1.13.0/okio-1.13.0.jar:/home/PROCERGS.REDERS/rafael-pestano/.m2/repository/org/assertj/assertj-core/3.6.2/assertj-core-3.6.2.jar:"/>
    <property name="java.vm.vendor" value="Oracle Corporation"/>
    <property name="sun.arch.data.model" value="64"/>
    <property name="java.vendor.url" value="http://java.oracle.com/"/>
    <property name="user.timezone" value=""/>
    <property name="user.country.format" value="BR"/>
    <property name="java.vm.specification.version" value="1.8"/>
    <property name="os.name" value="Linux"/>
    <property name="user.country" value="US"/>
    <property name="sun.java.launcher" value="SUN_STANDARD"/>
    <property name="sun.boot.library.path" value="/usr/lib/jvm/java-8-openjdk-amd64/jre/lib/amd64"/>
    <property name="sun.java.command" value="/home/PROCERGS.REDERS/rafael-pestano/projetos/quarkus-myfaces/quarkus-myfaces/showcase/target/surefire/surefirebooter7447677005942872197.jar /home/PROCERGS.REDERS/rafael-pestano/projetos/quarkus-myfaces/quarkus-myfaces/showcase/target/surefire 2019-06-12T09-57-22_237-jvmRun1 surefire7274195688628426431tmp surefire_06763371303731727129tmp"/>
    <property name="surefire.test.class.path" value="/home/PROCERGS.REDERS/rafael-pestano/projetos/quarkus-myfaces/quarkus-myfaces/showcase/target/test-classes:/home/PROCERGS.REDERS/rafael-pestano/projetos/quarkus-myfaces/quarkus-myfaces/showcase/target/classes:/home/PROCERGS.REDERS/rafael-pestano/.m2/repository/io/quarkus/quarkus-myfaces/0.16.1/quarkus-myfaces-0.16.1.jar:/home/PROCERGS.REDERS/rafael-pestano/.m2/repository/org/apache/myfaces/core/myfaces-api/3.0.0-M1/myfaces-api-3.0.0-M1.jar:/home/PROCERGS.REDERS/rafael-pestano/.m2/repository/org/apache/myfaces/core/myfaces-impl/3.0.0-M1/myfaces-impl-3.0.0-M1.jar:/home/PROCERGS.REDERS/rafael-pestano/.m2/repository/commons-beanutils/commons-beanutils/1.9.3/commons-beanutils-1.9.3.jar:/home/PROCERGS.REDERS/rafael-pestano/.m2/repository/commons-logging/commons-logging/1.2/commons-logging-1.2.jar:/home/PROCERGS.REDERS/rafael-pestano/.m2/repository/commons-collections/commons-collections/3.2.2/commons-collections-3.2.2.jar:/home/PROCERGS.REDERS/rafael-pestano/.m2/repository/org/apache/tomcat/tomcat-jasper-el/9.0.17/tomcat-jasper-el-9.0.17.jar:/home/PROCERGS.REDERS/rafael-pestano/.m2/repository/org/apache/tomcat/tomcat-el-api/9.0.17/tomcat-el-api-9.0.17.jar:/home/PROCERGS.REDERS/rafael-pestano/.m2/repository/org/jboss/spec/javax/websocket/jboss-websocket-api_1.1_spec/1.1.4.Final/jboss-websocket-api_1.1_spec-1.1.4.Final.jar:/home/PROCERGS.REDERS/rafael-pestano/.m2/repository/io/quarkus/quarkus-core/0.16.1/quarkus-core-0.16.1.jar:/home/PROCERGS.REDERS/rafael-pestano/.m2/repository/javax/inject/javax.inject/1/javax.inject-1.jar:/home/PROCERGS.REDERS/rafael-pestano/.m2/repository/javax/annotation/javax.annotation-api/1.3.2/javax.annotation-api-1.3.2.jar:/home/PROCERGS.REDERS/rafael-pestano/.m2/repository/io/smallrye/smallrye-config/1.3.5/smallrye-config-1.3.5.jar:/home/PROCERGS.REDERS/rafael-pestano/.m2/repository/org/eclipse/microprofile/config/microprofile-config-api/1.3/microprofile-config-api-1.3.jar:/home/PROCERGS.REDERS/rafael-pestano/.m2/repository/org/osgi/org.osgi.annotation.versioning/1.0.0/org.osgi.annotation.versioning-1.0.0.jar:/home/PROCERGS.REDERS/rafael-pestano/.m2/repository/javax/enterprise/cdi-api/2.0.SP1/cdi-api-2.0.SP1.jar:/home/PROCERGS.REDERS/rafael-pestano/.m2/repository/javax/el/javax.el-api/3.0.0/javax.el-api-3.0.0.jar:/home/PROCERGS.REDERS/rafael-pestano/.m2/repository/javax/interceptor/javax.interceptor-api/1.2/javax.interceptor-api-1.2.jar:/home/PROCERGS.REDERS/rafael-pestano/.m2/repository/org/jboss/logging/jboss-logging/3.3.2.Final/jboss-logging-3.3.2.Final.jar:/home/PROCERGS.REDERS/rafael-pestano/.m2/repository/org/jboss/logmanager/jboss-logmanager-embedded/1.0.3/jboss-logmanager-embedded-1.0.3.jar:/home/PROCERGS.REDERS/rafael-pestano/.m2/repository/org/jboss/logging/jboss-logging-annotations/2.1.0.Final/jboss-logging-annotations-2.1.0.Final.jar:/home/PROCERGS.REDERS/rafael-pestano/.m2/repository/org/jboss/threads/jboss-threads/3.0.0.Beta4/jboss-threads-3.0.0.Beta4.jar:/home/PROCERGS.REDERS/rafael-pestano/.m2/repository/org/slf4j/slf4j-api/1.7.25/slf4j-api-1.7.25.jar:/home/PROCERGS.REDERS/rafael-pestano/.m2/repository/org/jboss/slf4j/slf4j-jboss-logging/1.1.0.Final/slf4j-jboss-logging-1.1.0.Final.jar:/home/PROCERGS.REDERS/rafael-pestano/.m2/repository/org/graalvm/sdk/graal-sdk/1.0.0-rc16/graal-sdk-1.0.0-rc16.jar:/home/PROCERGS.REDERS/rafael-pestano/.m2/repository/org/wildfly/common/wildfly-common/1.5.0.Final-format-001/wildfly-common-1.5.0.Final-format-001.jar:/home/PROCERGS.REDERS/rafael-pestano/.m2/repository/org/wildfly/security/wildfly-elytron-ssl/2.0.0.Alpha4/wildfly-elytron-ssl-2.0.0.Alpha4.jar:/home/PROCERGS.REDERS/rafael-pestano/.m2/repository/org/wildfly/security/wildfly-elytron-auth-server/2.0.0.Alpha4/wildfly-elytron-auth-server-2.0.0.Alpha4.jar:/home/PROCERGS.REDERS/rafael-pestano/.m2/repository/org/wildfly/security/wildfly-elytron-permission/2.0.0.Alpha4/wildfly-elytron-permission-2.0.0.Alpha4.jar:/home/PROCERGS.REDERS/rafael-pestano/.m2/repository/org/wildfly/security/wildfly-elytron-base/2.0.0.Alpha4/wildfly-elytron-base-2.0.0.Alpha4.jar:/home/PROCERGS.REDERS/rafael-pestano/.m2/repository/org/wildfly/security/wildfly-elytron-credential/2.0.0.Alpha4/wildfly-elytron-credential-2.0.0.Alpha4.jar:/home/PROCERGS.REDERS/rafael-pestano/.m2/repository/org/wildfly/security/wildfly-elytron-keystore/2.0.0.Alpha4/wildfly-elytron-keystore-2.0.0.Alpha4.jar:/home/PROCERGS.REDERS/rafael-pestano/.m2/repository/org/wildfly/security/wildfly-elytron-provider-util/2.0.0.Alpha4/wildfly-elytron-provider-util-2.0.0.Alpha4.jar:/home/PROCERGS.REDERS/rafael-pestano/.m2/repository/org/wildfly/security/wildfly-elytron-auth/2.0.0.Alpha4/wildfly-elytron-auth-2.0.0.Alpha4.jar:/home/PROCERGS.REDERS/rafael-pestano/.m2/repository/org/wildfly/security/wildfly-elytron-util/2.0.0.Alpha4/wildfly-elytron-util-2.0.0.Alpha4.jar:/home/PROCERGS.REDERS/rafael-pestano/.m2/repository/org/wildfly/security/wildfly-elytron-x500/2.0.0.Alpha4/wildfly-elytron-x500-2.0.0.Alpha4.jar:/home/PROCERGS.REDERS/rafael-pestano/.m2/repository/org/wildfly/security/wildfly-elytron-x500-cert/2.0.0.Alpha4/wildfly-elytron-x500-cert-2.0.0.Alpha4.jar:/home/PROCERGS.REDERS/rafael-pestano/.m2/repository/org/wildfly/security/wildfly-elytron-asn1/2.0.0.Alpha4/wildfly-elytron-asn1-2.0.0.Alpha4.jar:/home/PROCERGS.REDERS/rafael-pestano/.m2/repository/org/wildfly/security/wildfly-elytron-x500-cert-util/2.0.0.Alpha4/wildfly-elytron-x500-cert-util-2.0.0.Alpha4.jar:/home/PROCERGS.REDERS/rafael-pestano/.m2/repository/io/quarkus/quarkus-undertow/0.16.1/quarkus-undertow-0.16.1.jar:/home/PROCERGS.REDERS/rafael-pestano/.m2/repository/io/quarkus/quarkus-arc/0.16.1/quarkus-arc-0.16.1.jar:/home/PROCERGS.REDERS/rafael-pestano/.m2/repository/io/quarkus/arc/arc/0.16.1/arc-0.16.1.jar:/home/PROCERGS.REDERS/rafael-pestano/.m2/repository/org/eclipse/microprofile/context-propagation/microprofile-context-propagation-api/1.0-RC1/microprofile-context-propagation-api-1.0-RC1.jar:/home/PROCERGS.REDERS/rafael-pestano/.m2/repository/io/undertow/undertow-servlet/2.0.19.Final/undertow-servlet-2.0.19.Final.jar:/home/PROCERGS.REDERS/rafael-pestano/.m2/repository/io/undertow/undertow-core/2.0.19.Final/undertow-core-2.0.19.Final.jar:/home/PROCERGS.REDERS/rafael-pestano/.m2/repository/org/jboss/spec/javax/servlet/jboss-servlet-api_4.0_spec/1.0.0.Final/jboss-servlet-api_4.0_spec-1.0.0.Final.jar:/home/PROCERGS.REDERS/rafael-pestano/.m2/repository/org/jboss/xnio/xnio-nio/3.7.1.Final/xnio-nio-3.7.1.Final.jar:/home/PROCERGS.REDERS/rafael-pestano/.m2/repository/org/jboss/xnio/xnio-api/3.7.1.Final/xnio-api-3.7.1.Final.jar:/home/PROCERGS.REDERS/rafael-pestano/.m2/repository/io/quarkus/quarkus-jsonp/0.16.1/quarkus-jsonp-0.16.1.jar:/home/PROCERGS.REDERS/rafael-pestano/.m2/repository/org/glassfish/javax.json/1.1.4/javax.json-1.1.4.jar:/home/PROCERGS.REDERS/rafael-pestano/.m2/repository/org/primefaces/primefaces/7.0/primefaces-7.0.jar:/home/PROCERGS.REDERS/rafael-pestano/.m2/repository/javax/validation/validation-api/2.0.1.Final/validation-api-2.0.1.Final.jar:/home/PROCERGS.REDERS/rafael-pestano/.m2/repository/io/quarkus/quarkus-arquillian/0.16.1/quarkus-arquillian-0.16.1.jar:/home/PROCERGS.REDERS/rafael-pestano/.m2/repository/io/quarkus/quarkus-bootstrap-core/0.16.1/quarkus-bootstrap-core-0.16.1.jar:/home/PROCERGS.REDERS/rafael-pestano/.m2/repository/org/apache/maven/maven-embedder/3.5.4/maven-embedder-3.5.4.jar:/home/PROCERGS.REDERS/rafael-pestano/.m2/repository/org/apache/maven/maven-settings/3.5.4/maven-settings-3.5.4.jar:/home/PROCERGS.REDERS/rafael-pestano/.m2/repository/org/apache/maven/maven-core/3.5.4/maven-core-3.5.4.jar:/home/PROCERGS.REDERS/rafael-pestano/.m2/repository/org/apache/maven/maven-artifact/3.5.4/maven-artifact-3.5.4.jar:/home/PROCERGS.REDERS/rafael-pestano/.m2/repository/org/eclipse/sisu/org.eclipse.sisu.inject/0.3.3/org.eclipse.sisu.inject-0.3.3.jar:/home/PROCERGS.REDERS/rafael-pestano/.m2/repository/org/apache/maven/maven-plugin-api/3.5.4/maven-plugin-api-3.5.4.jar:/home/PROCERGS.REDERS/rafael-pestano/.m2/repository/org/apache/maven/maven-model/3.5.4/maven-model-3.5.4.jar:/home/PROCERGS.REDERS/rafael-pestano/.m2/repository/org/apache/maven/maven-model-builder/3.5.4/maven-model-builder-3.5.4.jar:/home/PROCERGS.REDERS/rafael-pestano/.m2/repository/org/apache/maven/maven-builder-support/3.5.4/maven-builder-support-3.5.4.jar:/home/PROCERGS.REDERS/rafael-pestano/.m2/repository/org/apache/maven/resolver/maven-resolver-api/1.1.1/maven-resolver-api-1.1.1.jar:/home/PROCERGS.REDERS/rafael-pestano/.m2/repository/org/apache/maven/resolver/maven-resolver-util/1.1.1/maven-resolver-util-1.1.1.jar:/home/PROCERGS.REDERS/rafael-pestano/.m2/repository/org/apache/maven/shared/maven-shared-utils/3.2.1/maven-shared-utils-3.2.1.jar:/home/PROCERGS.REDERS/rafael-pestano/.m2/repository/com/google/inject/guice/4.2.0/guice-4.2.0-no_aop.jar:/home/PROCERGS.REDERS/rafael-pestano/.m2/repository/aopalliance/aopalliance/1.0/aopalliance-1.0.jar:/home/PROCERGS.REDERS/rafael-pestano/.m2/repository/javax/annotation/jsr250-api/1.0/jsr250-api-1.0.jar:/home/PROCERGS.REDERS/rafael-pestano/.m2/repository/org/codehaus/plexus/plexus-utils/3.0.24/plexus-utils-3.0.24.jar:/home/PROCERGS.REDERS/rafael-pestano/.m2/repository/org/codehaus/plexus/plexus-classworlds/2.5.2/plexus-classworlds-2.5.2.jar:/home/PROCERGS.REDERS/rafael-pestano/.m2/repository/org/eclipse/sisu/org.eclipse.sisu.plexus/0.3.3/org.eclipse.sisu.plexus-0.3.3.jar:/home/PROCERGS.REDERS/rafael-pestano/.m2/repository/org/codehaus/plexus/plexus-component-annotations/1.7.1/plexus-component-annotations-1.7.1.jar:/home/PROCERGS.REDERS/rafael-pestano/.m2/repository/commons-cli/commons-cli/1.4/commons-cli-1.4.jar:/home/PROCERGS.REDERS/rafael-pestano/.m2/repository/org/apache/commons/commons-lang3/3.8.1/commons-lang3-3.8.1.jar:/home/PROCERGS.REDERS/rafael-pestano/.m2/repository/org/apache/maven/maven-settings-builder/3.5.4/maven-settings-builder-3.5.4.jar:/home/PROCERGS.REDERS/rafael-pestano/.m2/repository/org/codehaus/plexus/plexus-interpolation/1.24/plexus-interpolation-1.24.jar:/home/PROCERGS.REDERS/rafael-pestano/.m2/repository/org/sonatype/plexus/plexus-sec-dispatcher/1.4/plexus-sec-dispatcher-1.4.jar:/home/PROCERGS.REDERS/rafael-pestano/.m2/repository/org/sonatype/plexus/plexus-cipher/1.4/plexus-cipher-1.4.jar:/home/PROCERGS.REDERS/rafael-pestano/.m2/repository/org/apache/maven/maven-resolver-provider/3.5.4/maven-resolver-provider-3.5.4.jar:/home/PROCERGS.REDERS/rafael-pestano/.m2/repository/org/apache/maven/maven-repository-metadata/3.5.4/maven-repository-metadata-3.5.4.jar:/home/PROCERGS.REDERS/rafael-pestano/.m2/repository/org/apache/maven/resolver/maven-resolver-spi/1.1.1/maven-resolver-spi-1.1.1.jar:/home/PROCERGS.REDERS/rafael-pestano/.m2/repository/org/apache/maven/resolver/maven-resolver-impl/1.1.1/maven-resolver-impl-1.1.1.jar:/home/PROCERGS.REDERS/rafael-pestano/.m2/repository/org/apache/maven/resolver/maven-resolver-connector-basic/1.1.1/maven-resolver-connector-basic-1.1.1.jar:/home/PROCERGS.REDERS/rafael-pestano/.m2/repository/org/apache/maven/resolver/maven-resolver-transport-file/1.1.1/maven-resolver-transport-file-1.1.1.jar:/home/PROCERGS.REDERS/rafael-pestano/.m2/repository/org/apache/maven/resolver/maven-resolver-transport-http/1.1.1/maven-resolver-transport-http-1.1.1.jar:/home/PROCERGS.REDERS/rafael-pestano/.m2/repository/org/slf4j/jcl-over-slf4j/1.7.25/jcl-over-slf4j-1.7.25.jar:/home/PROCERGS.REDERS/rafael-pestano/.m2/repository/io/quarkus/quarkus-test-common/0.16.1/quarkus-test-common-0.16.1.jar:/home/PROCERGS.REDERS/rafael-pestano/.m2/repository/io/quarkus/quarkus-core-deployment/0.16.1/quarkus-core-deployment-0.16.1.jar:/home/PROCERGS.REDERS/rafael-pestano/.m2/repository/org/jboss/invocation/jboss-invocation/1.5.2.Final/jboss-invocation-1.5.2.Final.jar:/home/PROCERGS.REDERS/rafael-pestano/.m2/repository/org/jboss/classfilewriter/jboss-classfilewriter/1.2.4.Final/jboss-classfilewriter-1.2.4.Final.jar:/home/PROCERGS.REDERS/rafael-pestano/.m2/repository/io/quarkus/gizmo/gizmo/1.0.0.Alpha4/gizmo-1.0.0.Alpha4.jar:/home/PROCERGS.REDERS/rafael-pestano/.m2/repository/org/ow2/asm/asm-util/7.1/asm-util-7.1.jar:/home/PROCERGS.REDERS/rafael-pestano/.m2/repository/org/ow2/asm/asm-tree/7.1/asm-tree-7.1.jar:/home/PROCERGS.REDERS/rafael-pestano/.m2/repository/org/ow2/asm/asm-analysis/7.1/asm-analysis-7.1.jar:/home/PROCERGS.REDERS/rafael-pestano/.m2/repository/org/ow2/asm/asm/7.1/asm-7.1.jar:/home/PROCERGS.REDERS/rafael-pestano/.m2/repository/io/quarkus/quarkus-builder/0.16.1/quarkus-builder-0.16.1.jar:/home/PROCERGS.REDERS/rafael-pestano/.m2/repository/io/quarkus/quarkus-jsonp-deployment/0.16.1/quarkus-jsonp-deployment-0.16.1.jar:/home/PROCERGS.REDERS/rafael-pestano/.m2/repository/org/jboss/jandex/2.1.1.Final/jandex-2.1.1.Final.jar:/home/PROCERGS.REDERS/rafael-pestano/.m2/repository/io/quarkus/quarkus-arc-deployment/0.16.1/quarkus-arc-deployment-0.16.1.jar:/home/PROCERGS.REDERS/rafael-pestano/.m2/repository/io/quarkus/arc/arc-processor/0.16.1/arc-processor-0.16.1.jar:/home/PROCERGS.REDERS/rafael-pestano/.m2/repository/org/jboss/arquillian/container/arquillian-container-spi/1.4.1.Final/arquillian-container-spi-1.4.1.Final.jar:/home/PROCERGS.REDERS/rafael-pestano/.m2/repository/org/jboss/arquillian/core/arquillian-core-spi/1.4.1.Final/arquillian-core-spi-1.4.1.Final.jar:/home/PROCERGS.REDERS/rafael-pestano/.m2/repository/org/jboss/arquillian/core/arquillian-core-api/1.4.1.Final/arquillian-core-api-1.4.1.Final.jar:/home/PROCERGS.REDERS/rafael-pestano/.m2/repository/org/jboss/arquillian/config/arquillian-config-api/1.4.1.Final/arquillian-config-api-1.4.1.Final.jar:/home/PROCERGS.REDERS/rafael-pestano/.m2/repository/org/jboss/arquillian/config/arquillian-config-impl-base/1.4.1.Final/arquillian-config-impl-base-1.4.1.Final.jar:/home/PROCERGS.REDERS/rafael-pestano/.m2/repository/org/jboss/arquillian/config/arquillian-config-spi/1.4.1.Final/arquillian-config-spi-1.4.1.Final.jar:/home/PROCERGS.REDERS/rafael-pestano/.m2/repository/org/jboss/shrinkwrap/descriptors/shrinkwrap-descriptors-spi/2.0.0/shrinkwrap-descriptors-spi-2.0.0.jar:/home/PROCERGS.REDERS/rafael-pestano/.m2/repository/org/jboss/shrinkwrap/shrinkwrap-api/1.2.6/shrinkwrap-api-1.2.6.jar:/home/PROCERGS.REDERS/rafael-pestano/.m2/repository/org/jboss/shrinkwrap/descriptors/shrinkwrap-descriptors-api-base/2.0.0/shrinkwrap-descriptors-api-base-2.0.0.jar:/home/PROCERGS.REDERS/rafael-pestano/.m2/repository/org/jboss/arquillian/container/arquillian-container-test-spi/1.4.1.Final/arquillian-container-test-spi-1.4.1.Final.jar:/home/PROCERGS.REDERS/rafael-pestano/.m2/repository/org/jboss/arquillian/test/arquillian-test-spi/1.4.1.Final/arquillian-test-spi-1.4.1.Final.jar:/home/PROCERGS.REDERS/rafael-pestano/.m2/repository/org/jboss/arquillian/container/arquillian-container-test-api/1.4.1.Final/arquillian-container-test-api-1.4.1.Final.jar:/home/PROCERGS.REDERS/rafael-pestano/.m2/repository/org/jboss/arquillian/container/arquillian-container-test-impl-base/1.4.1.Final/arquillian-container-test-impl-base-1.4.1.Final.jar:/home/PROCERGS.REDERS/rafael-pestano/.m2/repository/org/jboss/arquillian/test/arquillian-test-api/1.4.1.Final/arquillian-test-api-1.4.1.Final.jar:/home/PROCERGS.REDERS/rafael-pestano/.m2/repository/org/jboss/arquillian/junit/arquillian-junit-container/1.4.1.Final/arquillian-junit-container-1.4.1.Final.jar:/home/PROCERGS.REDERS/rafael-pestano/.m2/repository/org/jboss/arquillian/junit/arquillian-junit-core/1.4.1.Final/arquillian-junit-core-1.4.1.Final.jar:/home/PROCERGS.REDERS/rafael-pestano/.m2/repository/org/jboss/arquillian/core/arquillian-core-impl-base/1.4.1.Final/arquillian-core-impl-base-1.4.1.Final.jar:/home/PROCERGS.REDERS/rafael-pestano/.m2/repository/org/jboss/arquillian/test/arquillian-test-impl-base/1.4.1.Final/arquillian-test-impl-base-1.4.1.Final.jar:/home/PROCERGS.REDERS/rafael-pestano/.m2/repository/org/jboss/arquillian/container/arquillian-container-impl-base/1.4.1.Final/arquillian-container-impl-base-1.4.1.Final.jar:/home/PROCERGS.REDERS/rafael-pestano/.m2/repository/org/jboss/shrinkwrap/shrinkwrap-impl-base/1.2.6/shrinkwrap-impl-base-1.2.6.jar:/home/PROCERGS.REDERS/rafael-pestano/.m2/repository/org/jboss/shrinkwrap/shrinkwrap-spi/1.2.6/shrinkwrap-spi-1.2.6.jar:/home/PROCERGS.REDERS/rafael-pestano/.m2/repository/junit/junit/4.12/junit-4.12.jar:/home/PROCERGS.REDERS/rafael-pestano/.m2/repository/org/hamcrest/hamcrest-core/1.3/hamcrest-core-1.3.jar:/home/PROCERGS.REDERS/rafael-pestano/.m2/repository/org/jboss/arquillian/graphene/graphene-webdriver-api/2.3.2/graphene-webdriver-api-2.3.2.jar:/home/PROCERGS.REDERS/rafael-pestano/.m2/repository/org/jboss/arquillian/graphene/graphene-webdriver-spi/2.3.2/graphene-webdriver-spi-2.3.2.jar:/home/PROCERGS.REDERS/rafael-pestano/.m2/repository/org/jboss/arquillian/graphene/graphene-webdriver-impl/2.3.2/graphene-webdriver-impl-2.3.2.jar:/home/PROCERGS.REDERS/rafael-pestano/.m2/repository/org/jboss/arquillian/extension/arquillian-drone-impl/2.5.1/arquillian-drone-impl-2.5.1.jar:/home/PROCERGS.REDERS/rafael-pestano/.m2/repository/org/jboss/arquillian/extension/arquillian-drone-configuration/2.5.1/arquillian-drone-configuration-2.5.1.jar:/home/PROCERGS.REDERS/rafael-pestano/.m2/repository/cglib/cglib-nodep/3.2.5/cglib-nodep-3.2.5.jar:/home/PROCERGS.REDERS/rafael-pestano/.m2/repository/org/objenesis/objenesis/1.2/objenesis-1.2.jar:/home/PROCERGS.REDERS/rafael-pestano/.m2/repository/org/jboss/arquillian/extension/arquillian-drone-api/2.5.1/arquillian-drone-api-2.5.1.jar:/home/PROCERGS.REDERS/rafael-pestano/.m2/repository/org/jboss/arquillian/extension/arquillian-drone-spi/2.5.1/arquillian-drone-spi-2.5.1.jar:/home/PROCERGS.REDERS/rafael-pestano/.m2/repository/org/jboss/arquillian/extension/arquillian-drone-webdriver/2.5.1/arquillian-drone-webdriver-2.5.1.jar:/home/PROCERGS.REDERS/rafael-pestano/.m2/repository/org/arquillian/spacelift/arquillian-spacelift/1.0.2/arquillian-spacelift-1.0.2.jar:/home/PROCERGS.REDERS/rafael-pestano/.m2/repository/org/arquillian/spacelift/arquillian-spacelift-api/1.0.2/arquillian-spacelift-api-1.0.2.jar:/home/PROCERGS.REDERS/rafael-pestano/.m2/repository/org/apache/commons/commons-compress/1.8.1/commons-compress-1.8.1.jar:/home/PROCERGS.REDERS/rafael-pestano/.m2/repository/commons-io/commons-io/2.5/commons-io-2.5.jar:/home/PROCERGS.REDERS/rafael-pestano/.m2/repository/org/jsoup/jsoup/1.8.3/jsoup-1.8.3.jar:/home/PROCERGS.REDERS/rafael-pestano/.m2/repository/org/awaitility/awaitility/3.1.6/awaitility-3.1.6.jar:/home/PROCERGS.REDERS/rafael-pestano/.m2/repository/org/hamcrest/hamcrest-library/1.3/hamcrest-library-1.3.jar:/home/PROCERGS.REDERS/rafael-pestano/.m2/repository/org/seleniumhq/selenium/selenium-api/3.11.0/selenium-api-3.11.0.jar:/home/PROCERGS.REDERS/rafael-pestano/.m2/repository/org/seleniumhq/selenium/selenium-support/3.11.0/selenium-support-3.11.0.jar:/home/PROCERGS.REDERS/rafael-pestano/.m2/repository/org/seleniumhq/selenium/selenium-chrome-driver/3.11.0/selenium-chrome-driver-3.11.0.jar:/home/PROCERGS.REDERS/rafael-pestano/.m2/repository/org/seleniumhq/selenium/selenium-firefox-driver/3.11.0/selenium-firefox-driver-3.11.0.jar:/home/PROCERGS.REDERS/rafael-pestano/.m2/repository/org/seleniumhq/selenium/selenium-ie-driver/3.11.0/selenium-ie-driver-3.11.0.jar:/home/PROCERGS.REDERS/rafael-pestano/.m2/repository/org/seleniumhq/selenium/selenium-remote-driver/3.11.0/selenium-remote-driver-3.11.0.jar:/home/PROCERGS.REDERS/rafael-pestano/.m2/repository/org/seleniumhq/selenium/htmlunit-driver/2.28/htmlunit-driver-2.28.jar:/home/PROCERGS.REDERS/rafael-pestano/.m2/repository/net/sourceforge/htmlunit/htmlunit/2.28/htmlunit-2.28.jar:/home/PROCERGS.REDERS/rafael-pestano/.m2/repository/xalan/xalan/2.7.2/xalan-2.7.2.jar:/home/PROCERGS.REDERS/rafael-pestano/.m2/repository/xalan/serializer/2.7.2/serializer-2.7.2.jar:/home/PROCERGS.REDERS/rafael-pestano/.m2/repository/org/apache/commons/commons-text/1.1/commons-text-1.1.jar:/home/PROCERGS.REDERS/rafael-pestano/.m2/repository/org/apache/httpcomponents/httpmime/4.5.3/httpmime-4.5.3.jar:/home/PROCERGS.REDERS/rafael-pestano/.m2/repository/net/sourceforge/htmlunit/htmlunit-core-js/2.28/htmlunit-core-js-2.28.jar:/home/PROCERGS.REDERS/rafael-pestano/.m2/repository/net/sourceforge/htmlunit/neko-htmlunit/2.28/neko-htmlunit-2.28.jar:/home/PROCERGS.REDERS/rafael-pestano/.m2/repository/xerces/xercesImpl/2.11.0/xercesImpl-2.11.0.jar:/home/PROCERGS.REDERS/rafael-pestano/.m2/repository/xml-apis/xml-apis/1.4.01/xml-apis-1.4.01.jar:/home/PROCERGS.REDERS/rafael-pestano/.m2/repository/net/sourceforge/cssparser/cssparser/0.9.24/cssparser-0.9.24.jar:/home/PROCERGS.REDERS/rafael-pestano/.m2/repository/org/w3c/css/sac/1.3/sac-1.3.jar:/home/PROCERGS.REDERS/rafael-pestano/.m2/repository/commons-net/commons-net/3.6/commons-net-3.6.jar:/home/PROCERGS.REDERS/rafael-pestano/.m2/repository/org/eclipse/jetty/websocket/websocket-client/9.4.7.v20170914/websocket-client-9.4.7.v20170914.jar:/home/PROCERGS.REDERS/rafael-pestano/.m2/repository/org/eclipse/jetty/jetty-client/9.4.18.v20190429/jetty-client-9.4.18.v20190429.jar:/home/PROCERGS.REDERS/rafael-pestano/.m2/repository/org/eclipse/jetty/jetty-http/9.4.18.v20190429/jetty-http-9.4.18.v20190429.jar:/home/PROCERGS.REDERS/rafael-pestano/.m2/repository/org/eclipse/jetty/jetty-xml/9.4.7.v20170914/jetty-xml-9.4.7.v20170914.jar:/home/PROCERGS.REDERS/rafael-pestano/.m2/repository/org/eclipse/jetty/jetty-util/9.4.18.v20190429/jetty-util-9.4.18.v20190429.jar:/home/PROCERGS.REDERS/rafael-pestano/.m2/repository/org/eclipse/jetty/jetty-io/9.4.18.v20190429/jetty-io-9.4.18.v20190429.jar:/home/PROCERGS.REDERS/rafael-pestano/.m2/repository/org/eclipse/jetty/websocket/websocket-common/9.4.7.v20170914/websocket-common-9.4.7.v20170914.jar:/home/PROCERGS.REDERS/rafael-pestano/.m2/repository/org/eclipse/jetty/websocket/websocket-api/9.4.7.v20170914/websocket-api-9.4.7.v20170914.jar:/home/PROCERGS.REDERS/rafael-pestano/.m2/repository/org/seleniumhq/selenium/selenium-opera-driver/3.11.0/selenium-opera-driver-3.11.0.jar:/home/PROCERGS.REDERS/rafael-pestano/.m2/repository/org/seleniumhq/selenium/selenium-safari-driver/3.11.0/selenium-safari-driver-3.11.0.jar:/home/PROCERGS.REDERS/rafael-pestano/.m2/repository/org/seleniumhq/selenium/selenium-edge-driver/3.11.0/selenium-edge-driver-3.11.0.jar:/home/PROCERGS.REDERS/rafael-pestano/.m2/repository/com/codeborne/phantomjsdriver/1.4.1/phantomjsdriver-1.4.1.jar:/home/PROCERGS.REDERS/rafael-pestano/.m2/repository/org/seleniumhq/selenium/selenium-java/3.11.0/selenium-java-3.11.0.jar:/home/PROCERGS.REDERS/rafael-pestano/.m2/repository/net/bytebuddy/byte-buddy/1.7.9/byte-buddy-1.7.9.jar:/home/PROCERGS.REDERS/rafael-pestano/.m2/repository/org/apache/commons/commons-exec/1.3/commons-exec-1.3.jar:/home/PROCERGS.REDERS/rafael-pestano/.m2/repository/commons-codec/commons-codec/1.11/commons-codec-1.11.jar:/home/PROCERGS.REDERS/rafael-pestano/.m2/repository/com/google/code/gson/gson/2.8.2/gson-2.8.2.jar:/home/PROCERGS.REDERS/rafael-pestano/.m2/repository/com/google/guava/guava/27.0.1-jre/guava-27.0.1-jre.jar:/home/PROCERGS.REDERS/rafael-pestano/.m2/repository/com/google/guava/failureaccess/1.0.1/failureaccess-1.0.1.jar:/home/PROCERGS.REDERS/rafael-pestano/.m2/repository/com/google/guava/listenablefuture/9999.0-empty-to-avoid-conflict-with-guava/listenablefuture-9999.0-empty-to-avoid-conflict-with-guava.jar:/home/PROCERGS.REDERS/rafael-pestano/.m2/repository/com/google/code/findbugs/jsr305/3.0.2/jsr305-3.0.2.jar:/home/PROCERGS.REDERS/rafael-pestano/.m2/repository/org/checkerframework/checker-qual/2.5.2/checker-qual-2.5.2.jar:/home/PROCERGS.REDERS/rafael-pestano/.m2/repository/com/google/errorprone/error_prone_annotations/2.2.0/error_prone_annotations-2.2.0.jar:/home/PROCERGS.REDERS/rafael-pestano/.m2/repository/com/google/j2objc/j2objc-annotations/1.1/j2objc-annotations-1.1.jar:/home/PROCERGS.REDERS/rafael-pestano/.m2/repository/org/codehaus/mojo/animal-sniffer-annotations/1.17/animal-sniffer-annotations-1.17.jar:/home/PROCERGS.REDERS/rafael-pestano/.m2/repository/org/apache/httpcomponents/httpclient/4.5.7/httpclient-4.5.7.jar:/home/PROCERGS.REDERS/rafael-pestano/.m2/repository/org/apache/httpcomponents/httpcore/4.4.11/httpcore-4.4.11.jar:/home/PROCERGS.REDERS/rafael-pestano/.m2/repository/com/squareup/okhttp3/okhttp/3.9.1/okhttp-3.9.1.jar:/home/PROCERGS.REDERS/rafael-pestano/.m2/repository/com/squareup/okio/okio/1.13.0/okio-1.13.0.jar:/home/PROCERGS.REDERS/rafael-pestano/.m2/repository/org/assertj/assertj-core/3.6.2/assertj-core-3.6.2.jar:"/>
    <property name="sun.cpu.endian" value="little"/>
    <property name="user.home" value="/home/PROCERGS.REDERS/rafael-pestano"/>
    <property name="user.language" value="en"/>
    <property name="java.specification.vendor" value="Oracle Corporation"/>
    <property name="java.home" value="/usr/lib/jvm/java-8-openjdk-amd64/jre"/>
    <property name="basedir" value="/home/PROCERGS.REDERS/rafael-pestano/projetos/quarkus-myfaces/quarkus-myfaces/showcase"/>
    <property name="file.separator" value="/"/>
    <property name="line.separator" value="&#10;"/>
    <property name="java.vm.specification.vendor" value="Oracle Corporation"/>
    <property name="java.specification.name" value="Java Platform API Specification"/>
    <property name="java.awt.graphicsenv" value="sun.awt.X11GraphicsEnvironment"/>
    <property name="surefire.real.class.path" value="/home/PROCERGS.REDERS/rafael-pestano/projetos/quarkus-myfaces/quarkus-myfaces/showcase/target/surefire/surefirebooter7447677005942872197.jar"/>
    <property name="sun.boot.class.path" value="/usr/lib/jvm/java-8-openjdk-amd64/jre/lib/resources.jar:/usr/lib/jvm/java-8-openjdk-amd64/jre/lib/rt.jar:/usr/lib/jvm/java-8-openjdk-amd64/jre/lib/sunrsasign.jar:/usr/lib/jvm/java-8-openjdk-amd64/jre/lib/jsse.jar:/usr/lib/jvm/java-8-openjdk-amd64/jre/lib/jce.jar:/usr/lib/jvm/java-8-openjdk-amd64/jre/lib/charsets.jar:/usr/lib/jvm/java-8-openjdk-amd64/jre/lib/jfr.jar:/usr/lib/jvm/java-8-openjdk-amd64/jre/classes"/>
    <property name="sun.management.compiler" value="HotSpot 64-Bit Tiered Compilers"/>
    <property name="java.runtime.version" value="1.8.0_191-8u191-b12-2ubuntu0.18.04.1-b12"/>
    <property name="user.name" value="rafael-pestano"/>
    <property name="path.separator" value=":"/>
    <property name="os.version" value="4.15.0-45-generic"/>
    <property name="java.endorsed.dirs" value="/usr/lib/jvm/java-8-openjdk-amd64/jre/lib/endorsed"/>
    <property name="java.runtime.name" value="OpenJDK Runtime Environment"/>
    <property name="file.encoding" value="UTF-8"/>
    <property name="java.vm.name" value="OpenJDK 64-Bit Server VM"/>
    <property name="localRepository" value="/home/PROCERGS.REDERS/rafael-pestano/.m2/repository"/>
    <property name="java.vendor.url.bug" value="http://bugreport.sun.com/bugreport/"/>
    <property name="java.io.tmpdir" value="/tmp"/>
    <property name="java.version" value="1.8.0_191"/>
    <property name="user.dir" value="/home/PROCERGS.REDERS/rafael-pestano/projetos/quarkus-myfaces/quarkus-myfaces/showcase"/>
    <property name="os.arch" value="amd64"/>
    <property name="java.vm.specification.name" value="Java Virtual Machine Specification"/>
    <property name="java.awt.printerjob" value="sun.print.PSPrinterJob"/>
    <property name="user.language.format" value="pt"/>
    <property name="sun.os.patch.level" value="unknown"/>
    <property name="java.util.logging.manager" value="org.jboss.logmanager.LogManager"/>
    <property name="java.library.path" value="/usr/java/packages/lib/amd64:/usr/lib/x86_64-linux-gnu/jni:/lib/x86_64-linux-gnu:/usr/lib/x86_64-linux-gnu:/usr/lib/jni:/lib:/usr/lib"/>
    <property name="java.vm.info" value="mixed mode"/>
    <property name="java.vendor" value="Oracle Corporation"/>
    <property name="java.vm.version" value="25.191-b12"/>
    <property name="java.ext.dirs" value="/usr/lib/jvm/java-8-openjdk-amd64/jre/lib/ext:/usr/java/packages/lib/ext"/>
    <property name="sun.io.unicode.encoding" value="UnicodeLittle"/>
    <property name="java.class.version" value="52.0"/>
  </properties>
  <testcase name="io.quarkus.myfaces.showcase.ShowcaseFt" classname="io.quarkus.myfaces.showcase.ShowcaseFt" time="0.758">
    <error message="Unable to start the runtime runner" type="org.jboss.arquillian.container.spi.client.container.DeploymentException">org.jboss.arquillian.container.spi.client.container.DeploymentException: Unable to start the runtime runner
Caused by: java.lang.IllegalStateException: Failed to create the boostrap class loader
Caused by: io.quarkus.bootstrap.BootstrapException: Failed to locate project pom.xml for /tmp/quarkus-arquillian-test4284398807930930950
</error>
  </testcase>
</testsuite>